SF:lib\core\error\failure.dart
DA:7,1
DA:9,0
DA:10,0
DA:14,0
DA:19,1
DA:26,0
LF:6
LH:2
end_of_record
SF:lib\features\auth\domain\use_case\login_usecase.dart
DA:15,1
DA:21,0
DA:25,0
DA:26,0
DA:33,1
DA:35,1
DA:37,1
DA:38,3
DA:39,2
DA:40,1
DA:41,0
DA:42,1
DA:43,2
DA:44,4
DA:45,1
DA:47,1
LF:16
LH:12
end_of_record
SF:lib\app\shared_prefs\token_shared_prefs.dart
DA:19,0
DA:21,0
DA:23,0
DA:24,0
DA:26,0
DA:30,0
DA:32,0
DA:33,0
DA:36,0
LF:9
LH:0
end_of_record
SF:lib\features\auth\domain\entity\auth_entity.dart
DA:11,2
DA:21,1
DA:23,8
LF:3
LH:3
end_of_record
